-------------------------------------------------------------------------------
Test set: com.ftn.sbnz.service.tests.Forward2RulesTest
-------------------------------------------------------------------------------
Tests run: 1, Failures: 0, Errors: 1, Skipped: 0, Time elapsed: 0.342 s <<< FAILURE! - in com.ftn.sbnz.service.tests.Forward2RulesTest
com.ftn.sbnz.service.tests.Forward2RulesTest  Time elapsed: 0.341 s  <<< ERROR!
org.junit.jupiter.api.extension.ParameterResolutionException: Failed to resolve parameter [com.ftn.sbnz.service.service.WebSocketService webSocketService] in method [public static void com.ftn.sbnz.service.tests.Forward2RulesTest.setup(com.ftn.sbnz.service.service.WebSocketService)]: Failed to load ApplicationContext
Caused by: java.lang.IllegalStateException: Failed to load ApplicationContext
Caused by: org.springframework.beans.factory.UnsatisfiedDependencyException: Error creating bean with name 'webSocketController': Unsatisfied dependency expressed through field 'patientService'; nested exception is org.springframework.beans.factory.UnsatisfiedDependencyException: Error creating bean with name 'patientService': Unsatisfied dependency expressed through field 'droolsService'; nested exception is org.springframework.beans.factory.BeanCreationException: Error creating bean with name 'droolsService' defined in file [/Users/bane/Documents/GitHub/SBNZ/sbnz-integracija-projekta/service/target/classes/com/ftn/sbnz/service/service/DroolsService.class]: Instantiation of bean failed; nested exception is org.springframework.beans.BeanInstantiationException: Failed to instantiate [com.ftn.sbnz.service.service.DroolsService]: Constructor threw exception; nested exception is java.lang.RuntimeException: Error creating template KieSession
Caused by: org.springframework.beans.factory.UnsatisfiedDependencyException: Error creating bean with name 'patientService': Unsatisfied dependency expressed through field 'droolsService'; nested exception is org.springframework.beans.factory.BeanCreationException: Error creating bean with name 'droolsService' defined in file [/Users/bane/Documents/GitHub/SBNZ/sbnz-integracija-projekta/service/target/classes/com/ftn/sbnz/service/service/DroolsService.class]: Instantiation of bean failed; nested exception is org.springframework.beans.BeanInstantiationException: Failed to instantiate [com.ftn.sbnz.service.service.DroolsService]: Constructor threw exception; nested exception is java.lang.RuntimeException: Error creating template KieSession
Caused by: org.springframework.beans.factory.BeanCreationException: Error creating bean with name 'droolsService' defined in file [/Users/bane/Documents/GitHub/SBNZ/sbnz-integracija-projekta/service/target/classes/com/ftn/sbnz/service/service/DroolsService.class]: Instantiation of bean failed; nested exception is org.springframework.beans.BeanInstantiationException: Failed to instantiate [com.ftn.sbnz.service.service.DroolsService]: Constructor threw exception; nested exception is java.lang.RuntimeException: Error creating template KieSession
Caused by: org.springframework.beans.BeanInstantiationException: Failed to instantiate [com.ftn.sbnz.service.service.DroolsService]: Constructor threw exception; nested exception is java.lang.RuntimeException: Error creating template KieSession
Caused by: java.lang.RuntimeException: Error creating template KieSession
Caused by: java.lang.RuntimeException: Template or data file not found 1

