-------------------------------------------------------------------------------
Test set: com.ftn.sbnz.service.tests.DroolsRuleTest
-------------------------------------------------------------------------------
Tests run: 1, Failures: 0, Errors: 1, Skipped: 0, Time elapsed: 0.177 s <<< FAILURE! - in com.ftn.sbnz.service.tests.DroolsRuleTest
testScheduleCTandRTGBasedOnSpecificSymptoms  Time elapsed: 0.177 s  <<< ERROR!
org.mockito.exceptions.misusing.InjectMocksException: 

Cannot instantiate @InjectMocks field named 'droolsService' of type 'class com.ftn.sbnz.service.service.DroolsService'.
You haven't provided the instance at field declaration so I tried to construct the instance.
However the constructor or the initialization block threw an exception : Error creating template KieSession

	at com.ftn.sbnz.service.tests.DroolsRuleTest.setup(DroolsRuleTest.java:55)
Caused by: java.lang.RuntimeException: Error creating template KieSession
	at com.ftn.sbnz.service.tests.DroolsRuleTest.setup(DroolsRuleTest.java:55)
Caused by: java.lang.RuntimeException: Template or data file not found 1
	at com.ftn.sbnz.service.tests.DroolsRuleTest.setup(DroolsRuleTest.java:55)

