-------------------------------------------------------------------------------
Test set: com.ftn.sbnz.service.tests.CepTests
-------------------------------------------------------------------------------
Tests run: 3, Failures: 0, Errors: 3, Skipped: 0, Time elapsed: 1.661 s <<< FAILURE! - in com.ftn.sbnz.service.tests.CepTests
testCheckPulseAfterTemperatureWarning  Time elapsed: 0.001 s  <<< ERROR!
java.lang.IllegalStateException: Failed to load ApplicationContext
Caused by: org.springframework.beans.factory.UnsatisfiedDependencyException: Error creating bean with name 'webSocketController': Unsatisfied dependency expressed through field 'patientService'; nested exception is org.springframework.beans.factory.UnsatisfiedDependencyException: Error creating bean with name 'patientService': Unsatisfied dependency expressed through field 'droolsService'; nested exception is org.springframework.beans.factory.BeanCreationException: Error creating bean with name 'droolsService' defined in file [/Users/bane/Documents/GitHub/SBNZ/sbnz-integracija-projekta/service/target/classes/com/ftn/sbnz/service/service/DroolsService.class]: Instantiation of bean failed; nested exception is org.springframework.beans.BeanInstantiationException: Failed to instantiate [com.ftn.sbnz.service.service.DroolsService]: Constructor threw exception; nested exception is java.lang.RuntimeException: Error creating template KieSession
Caused by: org.springframework.beans.factory.UnsatisfiedDependencyException: Error creating bean with name 'patientService': Unsatisfied dependency expressed through field 'droolsService'; nested exception is org.springframework.beans.factory.BeanCreationException: Error creating bean with name 'droolsService' defined in file [/Users/bane/Documents/GitHub/SBNZ/sbnz-integracija-projekta/service/target/classes/com/ftn/sbnz/service/service/DroolsService.class]: Instantiation of bean failed; nested exception is org.springframework.beans.BeanInstantiationException: Failed to instantiate [com.ftn.sbnz.service.service.DroolsService]: Constructor threw exception; nested exception is java.lang.RuntimeException: Error creating template KieSession
Caused by: org.springframework.beans.factory.BeanCreationException: Error creating bean with name 'droolsService' defined in file [/Users/bane/Documents/GitHub/SBNZ/sbnz-integracija-projekta/service/target/classes/com/ftn/sbnz/service/service/DroolsService.class]: Instantiation of bean failed; nested exception is org.springframework.beans.BeanInstantiationException: Failed to instantiate [com.ftn.sbnz.service.service.DroolsService]: Constructor threw exception; nested exception is java.lang.RuntimeException: Error creating template KieSession
Caused by: org.springframework.beans.BeanInstantiationException: Failed to instantiate [com.ftn.sbnz.service.service.DroolsService]: Constructor threw exception; nested exception is java.lang.RuntimeException: Error creating template KieSession
Caused by: java.lang.RuntimeException: Error creating template KieSession
Caused by: java.lang.RuntimeException: Template or data file not found 1

testGenerateEmergencyIntervention  Time elapsed: 0.001 s  <<< ERROR!
java.lang.IllegalStateException: Failed to load ApplicationContext
Caused by: org.springframework.beans.factory.UnsatisfiedDependencyException: Error creating bean with name 'webSocketController': Unsatisfied dependency expressed through field 'patientService'; nested exception is org.springframework.beans.factory.UnsatisfiedDependencyException: Error creating bean with name 'patientService': Unsatisfied dependency expressed through field 'droolsService'; nested exception is org.springframework.beans.factory.BeanCreationException: Error creating bean with name 'droolsService' defined in file [/Users/bane/Documents/GitHub/SBNZ/sbnz-integracija-projekta/service/target/classes/com/ftn/sbnz/service/service/DroolsService.class]: Instantiation of bean failed; nested exception is org.springframework.beans.BeanInstantiationException: Failed to instantiate [com.ftn.sbnz.service.service.DroolsService]: Constructor threw exception; nested exception is java.lang.RuntimeException: Error creating template KieSession
Caused by: org.springframework.beans.factory.UnsatisfiedDependencyException: Error creating bean with name 'patientService': Unsatisfied dependency expressed through field 'droolsService'; nested exception is org.springframework.beans.factory.BeanCreationException: Error creating bean with name 'droolsService' defined in file [/Users/bane/Documents/GitHub/SBNZ/sbnz-integracija-projekta/service/target/classes/com/ftn/sbnz/service/service/DroolsService.class]: Instantiation of bean failed; nested exception is org.springframework.beans.BeanInstantiationException: Failed to instantiate [com.ftn.sbnz.service.service.DroolsService]: Constructor threw exception; nested exception is java.lang.RuntimeException: Error creating template KieSession
Caused by: org.springframework.beans.factory.BeanCreationException: Error creating bean with name 'droolsService' defined in file [/Users/bane/Documents/GitHub/SBNZ/sbnz-integracija-projekta/service/target/classes/com/ftn/sbnz/service/service/DroolsService.class]: Instantiation of bean failed; nested exception is org.springframework.beans.BeanInstantiationException: Failed to instantiate [com.ftn.sbnz.service.service.DroolsService]: Constructor threw exception; nested exception is java.lang.RuntimeException: Error creating template KieSession
Caused by: org.springframework.beans.BeanInstantiationException: Failed to instantiate [com.ftn.sbnz.service.service.DroolsService]: Constructor threw exception; nested exception is java.lang.RuntimeException: Error creating template KieSession
Caused by: java.lang.RuntimeException: Error creating template KieSession
Caused by: java.lang.RuntimeException: Template or data file not found 1

testGenerateTemperatureWarning  Time elapsed: 0 s  <<< ERROR!
java.lang.IllegalStateException: Failed to load ApplicationContext
Caused by: org.springframework.beans.factory.UnsatisfiedDependencyException: Error creating bean with name 'webSocketController': Unsatisfied dependency expressed through field 'patientService'; nested exception is org.springframework.beans.factory.UnsatisfiedDependencyException: Error creating bean with name 'patientService': Unsatisfied dependency expressed through field 'droolsService'; nested exception is org.springframework.beans.factory.BeanCreationException: Error creating bean with name 'droolsService' defined in file [/Users/bane/Documents/GitHub/SBNZ/sbnz-integracija-projekta/service/target/classes/com/ftn/sbnz/service/service/DroolsService.class]: Instantiation of bean failed; nested exception is org.springframework.beans.BeanInstantiationException: Failed to instantiate [com.ftn.sbnz.service.service.DroolsService]: Constructor threw exception; nested exception is java.lang.RuntimeException: Error creating template KieSession
Caused by: org.springframework.beans.factory.UnsatisfiedDependencyException: Error creating bean with name 'patientService': Unsatisfied dependency expressed through field 'droolsService'; nested exception is org.springframework.beans.factory.BeanCreationException: Error creating bean with name 'droolsService' defined in file [/Users/bane/Documents/GitHub/SBNZ/sbnz-integracija-projekta/service/target/classes/com/ftn/sbnz/service/service/DroolsService.class]: Instantiation of bean failed; nested exception is org.springframework.beans.BeanInstantiationException: Failed to instantiate [com.ftn.sbnz.service.service.DroolsService]: Constructor threw exception; nested exception is java.lang.RuntimeException: Error creating template KieSession
Caused by: org.springframework.beans.factory.BeanCreationException: Error creating bean with name 'droolsService' defined in file [/Users/bane/Documents/GitHub/SBNZ/sbnz-integracija-projekta/service/target/classes/com/ftn/sbnz/service/service/DroolsService.class]: Instantiation of bean failed; nested exception is org.springframework.beans.BeanInstantiationException: Failed to instantiate [com.ftn.sbnz.service.service.DroolsService]: Constructor threw exception; nested exception is java.lang.RuntimeException: Error creating template KieSession
Caused by: org.springframework.beans.BeanInstantiationException: Failed to instantiate [com.ftn.sbnz.service.service.DroolsService]: Constructor threw exception; nested exception is java.lang.RuntimeException: Error creating template KieSession
Caused by: java.lang.RuntimeException: Error creating template KieSession
Caused by: java.lang.RuntimeException: Template or data file not found 1

