-------------------------------------------------------------------------------
Test set: com.ftn.sbnz.service.tests.Forward1RulesTest
-------------------------------------------------------------------------------
Tests run: 1, Failures: 0, Errors: 1, Skipped: 0, Time elapsed: 1.761 s <<< FAILURE! - in com.ftn.sbnz.service.tests.Forward1RulesTest
testTriggerAllRules  Time elapsed: 0.004 s  <<< ERROR!
java.lang.IllegalStateException: Failed to load ApplicationContext
Caused by: org.springframework.beans.factory.UnsatisfiedDependencyException: Error creating bean with name 'alarmController': Unsatisfied dependency expressed through field 'simulationService'; nested exception is org.springframework.beans.factory.UnsatisfiedDependencyException: Error creating bean with name 'simulationService' defined in file [C:\Users\anjap\OneDrive\Dokumenti\GitHub\SBNZ\sbnz-integracija-projekta\service\target\classes\com\ftn\sbnz\service\service\SimulationService.class]: Unsatisfied dependency expressed through constructor parameter 2; nested exception is org.springframework.beans.factory.BeanCreationException: Error creating bean with name 'droolsService' defined in file [C:\Users\anjap\OneDrive\Dokumenti\GitHub\SBNZ\sbnz-integracija-projekta\service\target\classes\com\ftn\sbnz\service\service\DroolsService.class]: Bean instantiation via constructor failed; nested exception is org.springframework.beans.BeanInstantiationException: Failed to instantiate [com.ftn.sbnz.service.service.DroolsService]: Constructor threw exception; nested exception is java.lang.RuntimeException: Error creating template KieSession
Caused by: org.springframework.beans.factory.UnsatisfiedDependencyException: Error creating bean with name 'simulationService' defined in file [C:\Users\anjap\OneDrive\Dokumenti\GitHub\SBNZ\sbnz-integracija-projekta\service\target\classes\com\ftn\sbnz\service\service\SimulationService.class]: Unsatisfied dependency expressed through constructor parameter 2; nested exception is org.springframework.beans.factory.BeanCreationException: Error creating bean with name 'droolsService' defined in file [C:\Users\anjap\OneDrive\Dokumenti\GitHub\SBNZ\sbnz-integracija-projekta\service\target\classes\com\ftn\sbnz\service\service\DroolsService.class]: Bean instantiation via constructor failed; nested exception is org.springframework.beans.BeanInstantiationException: Failed to instantiate [com.ftn.sbnz.service.service.DroolsService]: Constructor threw exception; nested exception is java.lang.RuntimeException: Error creating template KieSession
Caused by: org.springframework.beans.factory.BeanCreationException: Error creating bean with name 'droolsService' defined in file [C:\Users\anjap\OneDrive\Dokumenti\GitHub\SBNZ\sbnz-integracija-projekta\service\target\classes\com\ftn\sbnz\service\service\DroolsService.class]: Bean instantiation via constructor failed; nested exception is org.springframework.beans.BeanInstantiationException: Failed to instantiate [com.ftn.sbnz.service.service.DroolsService]: Constructor threw exception; nested exception is java.lang.RuntimeException: Error creating template KieSession
Caused by: org.springframework.beans.BeanInstantiationException: Failed to instantiate [com.ftn.sbnz.service.service.DroolsService]: Constructor threw exception; nested exception is java.lang.RuntimeException: Error creating template KieSession
Caused by: java.lang.RuntimeException: Error creating template KieSession
Caused by: java.lang.RuntimeException: Template or data file not found 1

